Determining if the pthread_create exist failed with the following output:
Change Dir: /home/mamoru/DeepLearning/cuMat/CMakeFiles/CMakeTmp

Run Build Command:"/usr/bin/make" "cmTC_60907/fast"
/usr/bin/make -f CMakeFiles/cmTC_60907.dir/build.make CMakeFiles/cmTC_60907.dir/build
make[1]: ディレクトリ '/home/mamoru/DeepLearning/cuMat/CMakeFiles/CMakeTmp' に入ります
Building C object CMakeFiles/cmTC_60907.dir/CheckSymbolExists.c.o
/usr/bin/cc   -fPIC    -o CMakeFiles/cmTC_60907.dir/CheckSymbolExists.c.o   -c /home/mamoru/DeepLearning/cuMat/CMakeFiles/CMakeTmp/CheckSymbolExists.c
Linking C executable cmTC_60907
/usr/local/bin/cmake -E cmake_link_script CMakeFiles/cmTC_60907.dir/link.txt --verbose=1
/usr/bin/cc -fPIC     -rdynamic CMakeFiles/cmTC_60907.dir/CheckSymbolExists.c.o  -o cmTC_60907 
CMakeFiles/cmTC_60907.dir/CheckSymbolExists.c.o: 関数 `main' 内:
CheckSymbolExists.c:(.text+0x1b): `pthread_create' に対する定義されていない参照です
collect2: error: ld returned 1 exit status
CMakeFiles/cmTC_60907.dir/build.make:97: ターゲット 'cmTC_60907' のレシピで失敗しました
make[1]: *** [cmTC_60907] エラー 1
make[1]: ディレクトリ '/home/mamoru/DeepLearning/cuMat/CMakeFiles/CMakeTmp' から出ます
Makefile:126: ターゲット 'cmTC_60907/fast' のレシピで失敗しました
make: *** [cmTC_60907/fast] エラー 2

File /home/mamoru/DeepLearning/cuMat/CMakeFiles/CMakeTmp/CheckSymbolExists.c:
/* */
#include <pthread.h>

int main(int argc, char** argv)
{
  (void)argv;
#ifndef pthread_create
  return ((int*)(&pthread_create))[argc];
#else
  (void)argc;
  return 0;
#endif
}

Determining if the function pthread_create exists in the pthreads failed with the following output:
Change Dir: /home/mamoru/DeepLearning/cuMat/CMakeFiles/CMakeTmp

Run Build Command:"/usr/bin/make" "cmTC_0d54d/fast"
/usr/bin/make -f CMakeFiles/cmTC_0d54d.dir/build.make CMakeFiles/cmTC_0d54d.dir/build
make[1]: ディレクトリ '/home/mamoru/DeepLearning/cuMat/CMakeFiles/CMakeTmp' に入ります
Building C object CMakeFiles/cmTC_0d54d.dir/CheckFunctionExists.c.o
/usr/bin/cc   -fPIC -DCHECK_FUNCTION_EXISTS=pthread_create   -o CMakeFiles/cmTC_0d54d.dir/CheckFunctionExists.c.o   -c /usr/local/share/cmake-3.10/Modules/CheckFunctionExists.c
Linking C executable cmTC_0d54d
/usr/local/bin/cmake -E cmake_link_script CMakeFiles/cmTC_0d54d.dir/link.txt --verbose=1
/usr/bin/cc -fPIC -DCHECK_FUNCTION_EXISTS=pthread_create    -rdynamic CMakeFiles/cmTC_0d54d.dir/CheckFunctionExists.c.o  -o cmTC_0d54d -lpthreads 
/usr/bin/ld: -lpthreads が見つかりません
collect2: error: ld returned 1 exit status
CMakeFiles/cmTC_0d54d.dir/build.make:97: ターゲット 'cmTC_0d54d' のレシピで失敗しました
make[1]: *** [cmTC_0d54d] エラー 1
make[1]: ディレクトリ '/home/mamoru/DeepLearning/cuMat/CMakeFiles/CMakeTmp' から出ます
Makefile:126: ターゲット 'cmTC_0d54d/fast' のレシピで失敗しました
make: *** [cmTC_0d54d/fast] エラー 2


